c:\dev\cpp\breakout-reforged\x64\debug\vc142.pdb
c:\dev\cpp\breakout-reforged\x64\debug\vc142.idb
c:\dev\cpp\breakout-reforged\x64\debug\xmlparser.obj
c:\dev\cpp\breakout-reforged\x64\debug\timer.obj
c:\dev\cpp\breakout-reforged\x64\debug\shapedobject.obj
c:\dev\cpp\breakout-reforged\x64\debug\scenefactory.obj
c:\dev\cpp\breakout-reforged\x64\debug\scene.obj
c:\dev\cpp\breakout-reforged\x64\debug\rectangle.obj
c:\dev\cpp\breakout-reforged\x64\debug\platform.obj
c:\dev\cpp\breakout-reforged\x64\debug\menu.obj
c:\dev\cpp\breakout-reforged\x64\debug\main.obj
c:\dev\cpp\breakout-reforged\x64\debug\level.obj
c:\dev\cpp\breakout-reforged\x64\debug\game.obj
c:\dev\cpp\breakout-reforged\x64\debug\circle.obj
c:\dev\cpp\breakout-reforged\x64\debug\weakbrick.obj
c:\dev\cpp\breakout-reforged\x64\debug\mediumbrick.obj
c:\dev\cpp\breakout-reforged\x64\debug\inviciblebrick.obj
c:\dev\cpp\breakout-reforged\x64\debug\hardbrick.obj
c:\dev\cpp\breakout-reforged\x64\debug\brickenforcement.obj
c:\dev\cpp\breakout-reforged\x64\debug\brick.obj
c:\dev\cpp\breakout-reforged\x64\debug\ball.obj
c:\dev\cpp\breakout-reforged\x64\debug\tinyxml2.obj
c:\dev\cpp\breakout-reforged\x64\debug\breakout reforged.pdb
c:\dev\cpp\breakout-reforged\x64\debug\breakout.da49eb58.tlog\cl.command.1.tlog
c:\dev\cpp\breakout-reforged\x64\debug\breakout.da49eb58.tlog\cl.read.1.tlog
c:\dev\cpp\breakout-reforged\x64\debug\breakout.da49eb58.tlog\cl.write.1.tlog
c:\dev\cpp\breakout-reforged\x64\debug\breakout.da49eb58.tlog\link-cvtres.read.1.tlog
c:\dev\cpp\breakout-reforged\x64\debug\breakout.da49eb58.tlog\link-cvtres.write.1.tlog
c:\dev\cpp\breakout-reforged\x64\debug\breakout.da49eb58.tlog\link-rc.read.1.tlog
c:\dev\cpp\breakout-reforged\x64\debug\breakout.da49eb58.tlog\link-rc.write.1.tlog
c:\dev\cpp\breakout-reforged\x64\debug\breakout.da49eb58.tlog\link.command.1.tlog
c:\dev\cpp\breakout-reforged\x64\debug\breakout.da49eb58.tlog\link.read.1.tlog
c:\dev\cpp\breakout-reforged\x64\debug\breakout.da49eb58.tlog\link.write.1.tlog
