  game.cpp
C:\dev\cpp\Breakout-Reforged\sources\xml_parser\XMLParser.h(6,18): warning C4099: 'SDL_Surface': type name first seen using 'struct' now seen using 'class'
C:\dev\cpp\Breakout-Reforged\library\SDL2-2.0.12\include\SDL_surface.h(70): message : see declaration of 'SDL_Surface'
C:\dev\cpp\Breakout-Reforged\sources\scene\SceneFactory.h(5,18): warning C4099: 'SDL_Surface': type name first seen using 'struct' now seen using 'class'
C:\dev\cpp\Breakout-Reforged\sources\xml_parser\XMLParser.h(6): message : see declaration of 'SDL_Surface'
  Level.cpp
C:\dev\cpp\Breakout-Reforged\sources\xml_parser\XMLParser.h(6,18): warning C4099: 'SDL_Surface': type name first seen using 'struct' now seen using 'class'
C:\dev\cpp\Breakout-Reforged\library\SDL2-2.0.12\include\SDL_surface.h(70): message : see declaration of 'SDL_Surface'
C:\dev\cpp\Breakout-Reforged\sources\interfaces\IDrawable.h(3,18): warning C4099: 'SDL_Surface': type name first seen using 'struct' now seen using 'class'
C:\dev\cpp\Breakout-Reforged\sources\xml_parser\XMLParser.h(6): message : see declaration of 'SDL_Surface'
  main.cpp
C:\dev\cpp\Breakout-Reforged\sources\xml_parser\XMLParser.h(6,18): warning C4099: 'SDL_Surface': type name first seen using 'struct' now seen using 'class'
C:\dev\cpp\Breakout-Reforged\library\SDL2-2.0.12\include\SDL_surface.h(70): message : see declaration of 'SDL_Surface'
  Menu.cpp
C:\dev\cpp\Breakout-Reforged\sources\xml_parser\XMLParser.h(6,18): warning C4099: 'SDL_Surface': type name first seen using 'struct' now seen using 'class'
C:\dev\cpp\Breakout-Reforged\library\SDL2-2.0.12\include\SDL_surface.h(70): message : see declaration of 'SDL_Surface'
  Scene.cpp
C:\dev\cpp\Breakout-Reforged\sources\xml_parser\XMLParser.h(6,18): warning C4099: 'SDL_Surface': type name first seen using 'struct' now seen using 'class'
C:\dev\cpp\Breakout-Reforged\library\SDL2-2.0.12\include\SDL_surface.h(70): message : see declaration of 'SDL_Surface'
  SceneFactory.cpp
C:\dev\cpp\Breakout-Reforged\library\SDL2-2.0.12\include\SDL_surface.h(71,1): warning C4099: 'SDL_Surface': type name first seen using 'class' now seen using 'struct'
C:\dev\cpp\Breakout-Reforged\library\SDL2-2.0.12\include\SDL_surface.h(70): message : see declaration of 'SDL_Surface'
C:\dev\cpp\Breakout-Reforged\sources\interfaces\IDrawable.h(3,18): warning C4099: 'SDL_Surface': type name first seen using 'struct' now seen using 'class'
C:\dev\cpp\Breakout-Reforged\library\SDL2-2.0.12\include\SDL_surface.h(70): message : see declaration of 'SDL_Surface'
  XMLParser.cpp
  Generating Code...
SceneFactory.obj : error LNK2019: unresolved external symbol "public: static struct XMLParser::SceneInfo __cdecl XMLParser::getSceneInfoFrom(class std::basic_string<char,struct std::char_traits<char>,class std::allocator<char> >,struct SDL_Surface *)" (?getSceneInfoFrom@XMLParser@@SA?AUSceneInfo@1@V?$basic_string@DU?$char_traits@D@std@@V?$allocator@D@2@@std@@PEAUSDL_Surface@@@Z) referenced in function "public: static class IPresentable * __cdecl SceneFactory::getScene(class std::basic_string<char,struct std::char_traits<char>,class std::allocator<char> >,struct SDL_Surface *)" (?getScene@SceneFactory@@SAPEAVIPresentable@@V?$basic_string@DU?$char_traits@D@std@@V?$allocator@D@2@@std@@PEAUSDL_Surface@@@Z)
XMLParser.obj : error LNK2019: unresolved external symbol "public: char const * __cdecl tinyxml2::XMLNode::Value(void)const " (?Value@XMLNode@tinyxml2@@QEBAPEBDXZ) referenced in function "public: static struct XMLParser::GameInfo __cdecl XMLParser::getGameInfoFrom(class std::basic_string<char,struct std::char_traits<char>,class std::allocator<char> >)" (?getGameInfoFrom@XMLParser@@SA?AUGameInfo@1@V?$basic_string@DU?$char_traits@D@std@@V?$allocator@D@2@@std@@@Z)
XMLParser.obj : error LNK2019: unresolved external symbol "public: class tinyxml2::XMLElement const * __cdecl tinyxml2::XMLNode::FirstChildElement(char const *)const " (?FirstChildElement@XMLNode@tinyxml2@@QEBAPEBVXMLElement@2@PEBD@Z) referenced in function "public: class tinyxml2::XMLElement * __cdecl tinyxml2::XMLNode::FirstChildElement(char const *)" (?FirstChildElement@XMLNode@tinyxml2@@QEAAPEAVXMLElement@2@PEBD@Z)
XMLParser.obj : error LNK2019: unresolved external symbol "public: char const * __cdecl tinyxml2::XMLAttribute::Value(void)const " (?Value@XMLAttribute@tinyxml2@@QEBAPEBDXZ) referenced in function "public: static struct XMLParser::GameInfo __cdecl XMLParser::getGameInfoFrom(class std::basic_string<char,struct std::char_traits<char>,class std::allocator<char> >)" (?getGameInfoFrom@XMLParser@@SA?AUGameInfo@1@V?$basic_string@DU?$char_traits@D@std@@V?$allocator@D@2@@std@@@Z)
XMLParser.obj : error LNK2019: unresolved external symbol "public: class tinyxml2::XMLAttribute const * __cdecl tinyxml2::XMLElement::FindAttribute(char const *)const " (?FindAttribute@XMLElement@tinyxml2@@QEBAPEBVXMLAttribute@2@PEBD@Z) referenced in function "public: static struct XMLParser::GameInfo __cdecl XMLParser::getGameInfoFrom(class std::basic_string<char,struct std::char_traits<char>,class std::allocator<char> >)" (?getGameInfoFrom@XMLParser@@SA?AUGameInfo@1@V?$basic_string@DU?$char_traits@D@std@@V?$allocator@D@2@@std@@@Z)
XMLParser.obj : error LNK2019: unresolved external symbol "public: __cdecl tinyxml2::XMLDocument::XMLDocument(bool,enum tinyxml2::Whitespace)" (??0XMLDocument@tinyxml2@@QEAA@_NW4Whitespace@1@@Z) referenced in function "public: static struct XMLParser::GameInfo __cdecl XMLParser::getGameInfoFrom(class std::basic_string<char,struct std::char_traits<char>,class std::allocator<char> >)" (?getGameInfoFrom@XMLParser@@SA?AUGameInfo@1@V?$basic_string@DU?$char_traits@D@std@@V?$allocator@D@2@@std@@@Z)
XMLParser.obj : error LNK2019: unresolved external symbol "public: virtual __cdecl tinyxml2::XMLDocument::~XMLDocument(void)" (??1XMLDocument@tinyxml2@@UEAA@XZ) referenced in function "public: static struct XMLParser::GameInfo __cdecl XMLParser::getGameInfoFrom(class std::basic_string<char,struct std::char_traits<char>,class std::allocator<char> >)" (?getGameInfoFrom@XMLParser@@SA?AUGameInfo@1@V?$basic_string@DU?$char_traits@D@std@@V?$allocator@D@2@@std@@@Z)
XMLParser.obj : error LNK2019: unresolved external symbol "public: enum tinyxml2::XMLError __cdecl tinyxml2::XMLDocument::LoadFile(char const *)" (?LoadFile@XMLDocument@tinyxml2@@QEAA?AW4XMLError@2@PEBD@Z) referenced in function "public: static struct XMLParser::GameInfo __cdecl XMLParser::getGameInfoFrom(class std::basic_string<char,struct std::char_traits<char>,class std::allocator<char> >)" (?getGameInfoFrom@XMLParser@@SA?AUGameInfo@1@V?$basic_string@DU?$char_traits@D@std@@V?$allocator@D@2@@std@@@Z)
C:\dev\cpp\Breakout-Reforged\x64\Debug\Breakout Reforged.exe : fatal error LNK1120: 8 unresolved externals
